[2026-05-10 21:37:47] ✅ Comandos cargados: addalias, vv, menu
[2026-05-10 21:37:47] ✅ Auto-reload activo en /commands
[2026-05-10 21:37:47] ✅ Usando versión WA: 2,3000,1035194821
[2026-05-10 21:37:47] ℹ️  Conectando...
[2026-05-10 21:37:49] ✅ Bot conectado y listo!
[2026-05-10 21:38:15] 🟡 Ejecutando: f
[2026-05-10 21:38:23] 🟡 Ejecutando: f
[2026-05-10 21:40:19] 🟡 Ejecutando: f
[2026-05-10 21:41:59] 🟡 Ejecutando: f
[2026-05-10 21:43:02] 🟡 Ejecutando: f
[2026-05-10 21:43:24] 🟡 Ejecutando: f
[2026-05-10 21:43:55] 🟡 Ejecutando: f
[2026-05-10 21:45:14] 🟡 Ejecutando: alias
[2026-05-10 21:45:20] 🟡 Ejecutando: menu
[2026-05-10 21:46:58] 🚫 Ignorado: no es owner
[2026-05-10 21:51:50] 🟡 Ejecutando: jajaja
[2026-05-10 21:54:07] 🟡 Ejecutando: alias
[2026-05-10 21:54:07] ℹ️  Cambio en: media\vv.js — Recargando...
[2026-05-10 21:54:07] ✅ Comandos recargados: addalias, vv, menu
[2026-05-10 21:54:23] 🟡 Ejecutando: xvidrios
[2026-05-10 22:02:00] ✅ Comandos cargados: addalias, vv, menu
[2026-05-10 22:02:00] ✅ Auto-reload activo en /commands
[2026-05-10 22:02:01] ✅ Usando versión WA: 2,3000,1035194821
[2026-05-10 22:02:01] ℹ️  Conectando...
[2026-05-10 22:02:02] ✅ Bot conectado y listo!
[2026-05-10 22:02:27] 🟡 Ejecutando: menu
[2026-05-10 22:02:43] 🟡 Ejecutando: alias
[2026-05-10 22:02:43] ℹ️  Cambio en: media\vv.js — Recargando...
[2026-05-10 22:02:43] ✅ Comandos recargados: addalias, vv, menu
[2026-05-10 22:02:49] 🟡 Ejecutando: sexo
[2026-05-10 22:03:00] ✅ Comandos cargados: addalias, vv, menu
[2026-05-10 22:03:00] ✅ Auto-reload activo en /commands
[2026-05-10 22:03:00] ✅ Usando versión WA: 2,3000,1035194821
[2026-05-10 22:03:00] ℹ️  Conectando...
[2026-05-10 22:03:02] ✅ Bot conectado y listo!
[2026-05-10 22:04:30] ⚠️  ⚠️  Sesión inválida (código: 401). Borrando y reconectando...
[2026-05-10 22:04:30] ⚠️  🗑️  Sesión borrada automáticamente.
[2026-05-10 22:04:33] ✅ Comandos cargados: addalias, vv, menu
[2026-05-10 22:04:33] ✅ Auto-reload activo en /commands
[2026-05-10 22:04:34] ✅ Usando versión WA: 2,3000,1035194821
[2026-05-10 22:04:34] ℹ️  Conectando...
[2026-05-10 22:04:34] ℹ️  Escanea el QR en WhatsApp > Dispositivos vinculados
[2026-05-10 22:04:50] ⚠️  Conexión cerrada (código: 515). Reconectando en 3s...
[2026-05-10 22:04:53] ✅ Comandos cargados: addalias, vv, menu
[2026-05-10 22:04:53] ✅ Auto-reload activo en /commands
[2026-05-10 22:04:53] ✅ Usando versión WA: 2,3000,1035194821
[2026-05-10 22:04:53] ℹ️  Conectando...
[2026-05-10 22:04:58] ✅ Bot conectado y listo!
[2026-05-10 22:06:51] ⚠️  ⚠️  Sesión inválida (código: 401). Borrando y reconectando...
[2026-05-10 22:06:51] ⚠️  🗑️  Sesión borrada automáticamente.
[2026-05-10 22:06:55] ✅ Comandos cargados: addalias, vv, menu
[2026-05-10 22:06:55] ✅ Auto-reload activo en /commands
[2026-05-10 22:06:55] ✅ Usando versión WA: 2,3000,1035194821
[2026-05-10 22:06:55] ℹ️  Conectando...
[2026-05-10 22:06:55] ℹ️  Escanea el QR en WhatsApp > Dispositivos vinculados
[2026-05-10 22:06:58] ℹ️  Solicitando código para: 573223090406
[2026-05-10 22:06:58] ❌ Error generando código: Connection Closed
[2026-05-10 22:07:29] ✅ Comandos cargados: addalias, vv, menu
[2026-05-10 22:07:29] ✅ Auto-reload activo en /commands
[2026-05-10 22:07:30] ✅ Usando versión WA: 2,3000,1035194821
[2026-05-10 22:07:30] ℹ️  Conectando...
[2026-05-10 22:07:30] ⚠️  ⚠️  Sesión inválida (código: 401). Borrando y reconectando...
[2026-05-10 22:07:30] ⚠️  🗑️  Sesión borrada automáticamente.
[2026-05-10 22:07:33] ✅ Comandos cargados: addalias, vv, menu
[2026-05-10 22:07:33] ✅ Auto-reload activo en /commands
[2026-05-10 22:07:33] ✅ Usando versión WA: 2,3000,1035194821
[2026-05-10 22:07:33] ℹ️  Conectando...
[2026-05-10 22:07:34] ℹ️  Escanea el QR en WhatsApp > Dispositivos vinculados
[2026-05-10 22:07:35] ℹ️  Solicitando código para: 573223090406
[2026-05-10 22:07:35] ❌ Error generando código: Connection Closed
[2026-05-10 22:13:28] ✅ Comandos cargados: addalias, vv, menu
[2026-05-10 22:13:28] ✅ Auto-reload activo en /commands
[2026-05-10 22:13:28] ✅ Usando versión WA: 2,3000,1035194821
[2026-05-10 22:13:59] ℹ️  Esperando QR...
[2026-05-10 22:14:42] ✅ Comandos cargados: addalias, vv, menu
[2026-05-10 22:14:42] ✅ Auto-reload activo en /commands
[2026-05-10 22:14:42] ✅ Usando versión WA: 2,3000,1035194821
[2026-05-10 22:14:46] ℹ️  Esperando QR...
[2026-05-10 22:14:47] ⚠️  ⚠️  Sesión inválida (código: 401). Borrando y reconectando...
[2026-05-10 22:14:47] ⚠️  🗑️  Sesión borrada automáticamente.
[2026-05-10 22:14:50] ✅ Comandos cargados: addalias, vv, menu
[2026-05-10 22:14:50] ✅ Auto-reload activo en /commands
[2026-05-10 22:14:50] ✅ Usando versión WA: 2,3000,1035194821
[2026-05-10 22:18:45] ✅ Comandos cargados: addalias, vv, menu
[2026-05-10 22:18:45] ✅ Auto-reload activo en /commands
[2026-05-10 22:18:45] ✅ Comandos cargados: addalias, vv, menu
[2026-05-10 22:18:45] ✅ Auto-reload activo en /commands
[2026-05-10 22:18:45] ✅ Usando versión WA: 2,3000,1035194821
[2026-05-10 22:18:45] ✅ Usando versión WA: 2,3000,1035194821
[2026-05-10 22:18:50] ℹ️  Esperando QR...
[2026-05-10 22:18:50] ℹ️  Esperando QR...
[2026-05-10 22:19:57] ✅ Comandos cargados: addalias, vv, menu
[2026-05-10 22:19:57] ✅ Auto-reload activo en /commands
[2026-05-10 22:19:58] ✅ Comandos cargados: addalias, vv, menu
[2026-05-10 22:19:58] ✅ Auto-reload activo en /commands
[2026-05-10 22:19:58] ✅ Usando versión WA: 2,3000,1035194821
[2026-05-10 22:19:58] ✅ Usando versión WA: 2,3000,1035194821
[2026-05-10 22:20:02] ℹ️  Solicitando código para: 573223090406
[2026-05-10 22:20:02] ℹ️  Solicitando código para: 573223090406
[2026-05-10 22:20:04] ✅ ╔══════════════════════════╗
[2026-05-10 22:20:04] ✅   CÓDIGO: DX9CYPMS          
[2026-05-10 22:20:04] ✅ ╚══════════════════════════╝
[2026-05-10 22:20:04] ℹ️  WhatsApp > Dispositivos vinculados > Vincular con número
[2026-05-10 22:20:04] ℹ️  Esperando confirmación...
[2026-05-10 22:20:04] ✅ ╔══════════════════════════╗
[2026-05-10 22:20:04] ✅   CÓDIGO: 2BEYJ2C8          
[2026-05-10 22:20:04] ✅ ╚══════════════════════════╝
[2026-05-10 22:20:04] ℹ️  WhatsApp > Dispositivos vinculados > Vincular con número
[2026-05-10 22:20:04] ℹ️  Esperando confirmación...
[2026-05-10 22:20:39] ⚠️  Conexión cerrada (código: 515). Reconectando en 3s...
[2026-05-10 22:20:42] ✅ Comandos cargados: addalias, vv, menu
[2026-05-10 22:20:42] ✅ Auto-reload activo en /commands
[2026-05-10 22:20:42] ✅ Usando versión WA: 2,3000,1035194821
[2026-05-10 22:20:42] ℹ️  Conectando...
[2026-05-10 22:20:48] ✅ ✅ Bot conectado y listo!
[2026-05-10 22:20:58] ℹ️  Escanea el QR en WhatsApp > Dispositivos vinculados
[2026-05-10 22:21:15] 🟡 Ejecutando: menu
[2026-05-10 22:21:18] ℹ️  Escanea el QR en WhatsApp > Dispositivos vinculados
[2026-05-10 22:21:39] ℹ️  Escanea el QR en WhatsApp > Dispositivos vinculados
[2026-05-10 22:21:59] ℹ️  Escanea el QR en WhatsApp > Dispositivos vinculados
[2026-05-10 22:22:19] ℹ️  Escanea el QR en WhatsApp > Dispositivos vinculados
[2026-05-10 22:22:39] ⚠️  Conexión cerrada (código: 408). Reconectando en 3s...
[2026-05-10 22:22:42] ✅ Comandos cargados: addalias, vv, menu
[2026-05-10 22:22:42] ✅ Auto-reload activo en /commands
[2026-05-10 22:22:42] ✅ Usando versión WA: 2,3000,1035194821
[2026-05-10 22:22:42] ℹ️  Conectando...
[2026-05-10 22:22:43] ⚠️  ⚠️  Bot abierto en otro lugar. Cerrando esta instancia.
[2026-05-10 22:22:43] ✅ ✅ Bot conectado y listo!
[2026-05-10 22:34:21] ⚠️  ⚠️  Sesión inválida (código: 401). Borrando y reconectando...
[2026-05-10 22:34:24] ✅ Comandos cargados: addalias, vv, menu
[2026-05-10 22:34:24] ✅ Auto-reload activo en /commands
[2026-05-10 22:34:24] ✅ Usando versión WA: 2,3000,1035194821
[2026-05-10 22:35:57] ✅ Comandos cargados: addalias, vv, menu
[2026-05-10 22:35:57] ✅ Auto-reload activo en /commands
[2026-05-10 22:35:57] ✅ Usando versión WA: 2,3000,1035194821
[2026-05-10 22:35:57] ℹ️  Solicitando código para: 573223090406
[2026-05-10 22:36:00] ℹ️  Esperando confirmación...
[2026-05-10 22:36:24] ⚠️  Conexión cerrada (515). Reconectando en 3s...
[2026-05-10 22:36:27] ✅ Comandos cargados: addalias, vv, menu
[2026-05-10 22:36:27] ✅ Auto-reload activo en /commands
[2026-05-10 22:36:27] ✅ Usando versión WA: 2,3000,1035194821
[2026-05-10 22:36:27] ℹ️  Conectando...
[2026-05-10 22:36:32] ✅ ✅ Bot conectado y listo!
[2026-05-10 22:36:38] 🟡 Ejecutando: menu
[2026-05-10 22:36:44] 🟡 Ejecutando: f
[2026-05-10 22:40:19] ✅ Comandos cargados: addalias, vv, menu
[2026-05-10 22:40:19] ✅ Auto-reload activo en /commands
[2026-05-10 22:40:19] ✅ Usando versión WA: 2,3000,1035194821
[2026-05-10 22:40:19] ℹ️  Conectando...
[2026-05-10 22:40:21] ✅ ✅ Bot conectado y listo!
[2026-05-10 22:40:33] ⚠️  Sesión inválida (401). Borrando y reconectando...
[2026-05-10 22:40:33] ⚠️  Sesión borrada automáticamente.
[2026-05-10 22:40:36] ✅ Comandos cargados: addalias, vv, menu
[2026-05-10 22:40:36] ✅ Auto-reload activo en /commands
[2026-05-10 22:40:36] ✅ Usando versión WA: 2,3000,1035194821
[2026-05-10 22:40:36] ℹ️  Solicitando código para: 573223090406
[2026-05-10 22:40:40] ℹ️  Esperando confirmación...
[2026-05-10 22:41:04] ⚠️  Conexión cerrada (515). Reconectando en 3s...
[2026-05-10 22:41:08] ✅ Comandos cargados: addalias, vv, menu
[2026-05-10 22:41:08] ✅ Auto-reload activo en /commands
[2026-05-10 22:41:08] ✅ Usando versión WA: 2,3000,1035194821
[2026-05-10 22:41:08] ℹ️  Conectando...
[2026-05-10 22:41:13] ✅ ✅ Bot conectado y listo!
[2026-05-10 22:41:37] 🟡 Ejecutando: menu
[2026-05-10 22:41:55] 🟡 Ejecutando: alias
[2026-05-10 22:41:56] ℹ️  Cambio en: media\vv.js — Recargando...
[2026-05-10 22:41:56] ℹ️  Cambio en: media\vv.js — Recargando...
[2026-05-10 22:41:56] ✅ Comandos recargados: addalias, vv, menu
[2026-05-10 22:41:56] ℹ️  Cambio en: media\vv.js — Recargando...
[2026-05-10 22:41:56] ✅ Comandos recargados: addalias, vv, menu
[2026-05-10 22:41:56] ℹ️  Cambio en: media\vv.js — Recargando...
[2026-05-10 22:41:56] ✅ Comandos recargados: addalias, vv, menu
[2026-05-10 22:41:56] ℹ️  Cambio en: media\vv.js — Recargando...
[2026-05-10 22:41:56] ✅ Comandos recargados: addalias, vv, menu
[2026-05-10 22:41:56] ℹ️  Cambio en: media\vv.js — Recargando...
[2026-05-10 22:41:56] ✅ Comandos recargados: addalias, vv, menu
[2026-05-10 22:41:56] ✅ Recargados: addalias, vv, menu
[2026-05-10 22:41:56] ℹ️  Cambio en: media\vv.js — Recargando...
[2026-05-10 22:41:56] ✅ Recargados: addalias, vv, menu
[2026-05-10 22:41:56] ℹ️  Cambio en: media\vv.js — Recargando...
[2026-05-10 22:41:56] ✅ Recargados: addalias, vv, menu
[2026-05-10 22:42:03] 🟡 Ejecutando: 3
[2026-05-10 22:43:01] 🚫 Ignorado: no es owner
[2026-05-10 22:43:18] 🟡 Ejecutando: f
[2026-05-10 22:52:08] 🚫 Ignorado: no es owner
[2026-05-10 22:53:01] 🚫 Ignorado: no es owner
[2026-05-10 22:54:29] 🚫 Ignorado: no es owner
[2026-05-10 22:54:38] 🚫 Ignorado: no es owner
[2026-05-10 23:16:22] 🚫 Ignorado: no es owner
[2026-05-10 23:16:34] 🟡 Ejecutando: f
[2026-05-10 23:16:52] 🚫 Ignorado: no es owner
[2026-05-10 23:17:51] 🚫 Ignorado: no es owner
[2026-05-10 23:18:05] 🚫 Ignorado: no es owner
[2026-05-10 23:18:45] 🚫 Ignorado: no es owner
[2026-05-10 23:20:14] 🚫 Ignorado: no es owner
[2026-05-10 23:20:21] 🚫 Ignorado: no es owner
[2026-05-10 23:20:45] 🚫 Ignorado: no es owner
[2026-05-10 23:21:00] 🚫 Ignorado: no es owner
[2026-05-10 23:23:28] 🚫 Ignorado: no es owner
[2026-05-10 23:23:30] 🚫 Ignorado: no es owner
[2026-05-10 23:23:33] 🚫 Ignorado: no es owner
[2026-05-10 23:23:35] 🚫 Ignorado: no es owner
[2026-05-10 23:23:37] 🚫 Ignorado: no es owner
[2026-05-10 23:24:29] 🚫 Ignorado: no es owner
[2026-05-10 23:38:23] 🚫 Ignorado: no es owner
[2026-05-10 23:38:45] ℹ️  Cambio en: utils\antidelete.js — Recargando...
[2026-05-10 23:38:45] ℹ️  Cambio en: utils\antidelete.js — Recargando...
[2026-05-10 23:38:45] ✅ Comandos recargados: addalias, vv, menu
[2026-05-10 23:38:45] ℹ️  Cambio en: utils\antidelete.js — Recargando...
[2026-05-10 23:38:45] ✅ Comandos recargados: addalias, vv, menu
[2026-05-10 23:38:45] ℹ️  Cambio en: utils\antidelete.js — Recargando...
[2026-05-10 23:38:45] ✅ Comandos recargados: addalias, vv, menu
[2026-05-10 23:38:45] ℹ️  Cambio en: utils\antidelete.js — Recargando...
[2026-05-10 23:38:45] ✅ Comandos recargados: addalias, vv, menu
[2026-05-10 23:38:45] ℹ️  Cambio en: utils\antidelete.js — Recargando...
[2026-05-10 23:38:45] ✅ Comandos recargados: addalias, vv, menu
[2026-05-10 23:38:45] ✅ Recargados: addalias, vv, menu
[2026-05-10 23:38:45] ℹ️  Cambio en: utils\antidelete.js — Recargando...
[2026-05-10 23:38:45] ✅ Recargados: addalias, vv, menu
[2026-05-10 23:38:45] ℹ️  Cambio en: utils\antidelete.js — Recargando...
[2026-05-10 23:38:45] ✅ Recargados: addalias, vv, menu
[2026-05-10 23:38:53] ℹ️  Cambio en: utils\antidelete.js — Recargando...
[2026-05-10 23:38:53] ℹ️  Cambio en: utils\antidelete.js — Recargando...
[2026-05-10 23:38:53] ❌ Error cargando C:\Users\Draven\Draven_Hack\commands\utils\antidelete.js: Cannot find module 'C:\Users\Draven\Draven_Hack\plugins\antiDelete.js' imported from C:\Users\Draven\Draven_Hack\commands\utils\antidelete.js
[2026-05-10 23:38:53] ✅ Recargados: addalias, vv, menu
[2026-05-10 23:38:53] ℹ️  Cambio en: utils\antidelete.js — Recargando...
[2026-05-10 23:38:53] ❌ Error cargando C:\Users\Draven\Draven_Hack\commands\utils\antidelete.js: Cannot find module 'C:\Users\Draven\Draven_Hack\plugins\antiDelete.js' imported from C:\Users\Draven\Draven_Hack\commands\utils\antidelete.js
[2026-05-10 23:38:53] ✅ Recargados: addalias, vv, menu
[2026-05-10 23:38:53] ℹ️  Cambio en: utils\antidelete.js — Recargando...
[2026-05-10 23:38:53] ❌ Error cargando C:\Users\Draven\Draven_Hack\commands\utils\antidelete.js: Cannot find module 'C:\Users\Draven\Draven_Hack\plugins\antiDelete.js' imported from C:\Users\Draven\Draven_Hack\commands\utils\antidelete.js
[2026-05-10 23:38:53] ✅ Recargados: addalias, vv, menu
[2026-05-10 23:38:53] ❌ Error cargando C:\Users\Draven\Draven_Hack\commands\utils\antidelete.js: Cannot find module 'C:\Users\Draven\Draven_Hack\plugins\antiDelete.js' imported from C:\Users\Draven\Draven_Hack\commands\utils\antidelete.js
[2026-05-10 23:38:53] ✅ Comandos recargados: addalias, vv, menu
[2026-05-10 23:38:53] ℹ️  Cambio en: utils\antidelete.js — Recargando...
[2026-05-10 23:38:53] ❌ Error cargando C:\Users\Draven\Draven_Hack\commands\utils\antidelete.js: Cannot find module 'C:\Users\Draven\Draven_Hack\plugins\antiDelete.js' imported from C:\Users\Draven\Draven_Hack\commands\utils\antidelete.js
[2026-05-10 23:38:53] ✅ Comandos recargados: addalias, vv, menu
[2026-05-10 23:38:53] ℹ️  Cambio en: utils\antidelete.js — Recargando...
[2026-05-10 23:38:53] ❌ Error cargando C:\Users\Draven\Draven_Hack\commands\utils\antidelete.js: Cannot find module 'C:\Users\Draven\Draven_Hack\plugins\antiDelete.js' imported from C:\Users\Draven\Draven_Hack\commands\utils\antidelete.js
[2026-05-10 23:38:53] ✅ Comandos recargados: addalias, vv, menu
[2026-05-10 23:38:53] ℹ️  Cambio en: utils\antidelete.js — Recargando...
[2026-05-10 23:38:53] ❌ Error cargando C:\Users\Draven\Draven_Hack\commands\utils\antidelete.js: Cannot find module 'C:\Users\Draven\Draven_Hack\plugins\antiDelete.js' imported from C:\Users\Draven\Draven_Hack\commands\utils\antidelete.js
[2026-05-10 23:38:53] ✅ Comandos recargados: addalias, vv, menu
[2026-05-10 23:38:53] ℹ️  Cambio en: utils\antidelete.js — Recargando...
[2026-05-10 23:38:53] ❌ Error cargando C:\Users\Draven\Draven_Hack\commands\utils\antidelete.js: Cannot find module 'C:\Users\Draven\Draven_Hack\plugins\antiDelete.js' imported from C:\Users\Draven\Draven_Hack\commands\utils\antidelete.js
[2026-05-10 23:38:53] ✅ Comandos recargados: addalias, vv, menu
[2026-05-10 23:44:57] ✅ Comandos cargados: addalias, vv, menu, antidelete
[2026-05-10 23:44:57] ✅ Auto-reload activo en /commands
[2026-05-10 23:44:58] ✅ Usando versión WA: 2,3000,1035194821
[2026-05-10 23:44:58] ℹ️  Conectando...
[2026-05-10 23:45:00] ✅ ✅ Bot conectado y listo!
[2026-05-11 00:04:24] 🚫 Ignorado: no es owner
[2026-05-11 00:04:39] ✅ Comandos cargados: addalias, vv, menu, antidelete
[2026-05-11 00:04:39] ✅ Auto-reload activo en /commands
[2026-05-11 00:04:39] ✅ Usando versión WA: 2,3000,1035194821
[2026-05-11 00:04:39] ℹ️  Conectando...
[2026-05-11 00:04:41] ✅ ✅ Bot conectado y listo!
[2026-05-11 00:04:43] 🚫 Ignorado: no es owner
[2026-05-11 00:12:29] ✅ Comandos cargados: addalias, vv, menu, antidelete
[2026-05-11 00:12:29] ✅ Auto-reload activo en /commands
[2026-05-11 00:12:30] ✅ Usando versión WA: 2,3000,1035194821
[2026-05-11 00:12:30] ℹ️  Solicitando código para: 573223090406
[2026-05-11 00:12:33] ℹ️  Esperando confirmación...
[2026-05-11 00:16:36] ✅ Comandos cargados: addalias, vv, menu, antidelete
[2026-05-11 00:16:36] ✅ Auto-reload activo en /commands
[2026-05-11 00:16:36] ✅ Usando versión WA: 2,3000,1035194821
[2026-05-11 00:16:36] ℹ️  Solicitando código para: 573223090406
[2026-05-11 00:16:39] ℹ️  Esperando confirmación...
[2026-05-11 00:16:41] ⚠️  Sesión inválida (401). Borrando y reconectando...
[2026-05-11 00:16:41] ⚠️  Sesión borrada automáticamente.
[2026-05-11 00:16:44] ✅ Comandos cargados: addalias, vv, menu, antidelete
[2026-05-11 00:16:44] ✅ Auto-reload activo en /commands
[2026-05-11 00:16:44] ✅ Usando versión WA: 2,3000,1035194821
[2026-05-11 00:16:44] ℹ️  Solicitando código para: 573223090406
[2026-05-11 00:16:47] ℹ️  Esperando confirmación...
[2026-05-11 00:17:03] ⚠️  Conexión cerrada (515). Reconectando en 3s...
[2026-05-11 00:17:06] ✅ Comandos cargados: addalias, vv, menu, antidelete
[2026-05-11 00:17:06] ✅ Auto-reload activo en /commands
[2026-05-11 00:17:06] ✅ Usando versión WA: 2,3000,1035194821
[2026-05-11 00:17:06] ℹ️  Conectando...
[2026-05-11 00:17:11] ✅ ✅ Bot conectado y listo!
[2026-05-11 00:17:41] 🟡 Ejecutando: menu
[2026-05-11 00:18:32] 🟡 Ejecutando: ad
[2026-05-11 00:19:14] 🟡 Ejecutando: ad
